<?xml version="1.0" encoding="UTF-8"?>
<testng-results ignored="0" total="1" passed="1" failed="0" skipped="0">
  <reporter-output>
  </reporter-output>
  <suite started-at="2026-04-03T10:08:14 EDT" name="Default suite" finished-at="2026-04-03T10:08:17 EDT" duration-ms="2738">
    <groups>
    </groups>
    <test started-at="2026-04-03T10:08:14 EDT" name="Default test" finished-at="2026-04-03T10:08:17 EDT" duration-ms="2738">
      <class name="Logintest">
        <test-method signature="loginTest()[pri:0, instance:Logintest@34a3d150]" started-at="2026-04-03T10:08:14 EDT" name="loginTest" finished-at="2026-04-03T10:08:17 EDT" duration-ms="2698" status="PASS">
          <reporter-output>
          </reporter-output>
        </test-method> <!-- loginTest -->
      </class> <!-- Logintest -->
    </test> <!-- Default test -->
  </suite> <!-- Default suite -->
</testng-results>
